\BOOKMARK [1][-]{section.1}{Projektteilnehmer}{}% 1
\BOOKMARK [2][-]{subsection.1.1}{Michael Duve}{section.1}% 2
\BOOKMARK [2][-]{subsection.1.2}{Felix Maulwurf}{section.1}% 3
\BOOKMARK [2][-]{subsection.1.3}{Angelina Staeck}{section.1}% 4
\BOOKMARK [1][-]{section.2}{Projektbeschreibung}{}% 5
\BOOKMARK [2][-]{subsection.2.1}{Idee}{section.2}% 6
\BOOKMARK [2][-]{subsection.2.2}{Zukunft}{section.2}% 7
\BOOKMARK [2][-]{subsection.2.3}{Probleme}{section.2}% 8
\BOOKMARK [2][-]{subsection.2.4}{Was l\344uft gut?}{section.2}% 9
\BOOKMARK [2][-]{subsection.2.5}{Was l\344uft nicht so gut?}{section.2}% 10
\BOOKMARK [2][-]{subsection.2.6}{Teamstruktur und Aufteilung?}{section.2}% 11
\BOOKMARK [1][-]{section.3}{Mockup}{}% 12
\BOOKMARK [1][-]{section.4}{Testcases}{}% 13
\BOOKMARK [2][-]{subsection.4.1}{Canvas}{section.4}% 14
\BOOKMARK [2][-]{subsection.4.2}{Drag-Drop}{section.4}% 15
\BOOKMARK [2][-]{subsection.4.3}{Video Export}{section.4}% 16
\BOOKMARK [2][-]{subsection.4.4}{Format Test}{section.4}% 17
\BOOKMARK [2][-]{subsection.4.5}{Video Concat}{section.4}% 18
\BOOKMARK [2][-]{subsection.4.6}{FFMPEG}{section.4}% 19
\BOOKMARK [2][-]{subsection.4.7}{Video Controls}{section.4}% 20
\BOOKMARK [1][-]{section.5}{Module}{}% 21
\BOOKMARK [2][-]{subsection.5.1}{Video Item}{section.5}% 22
\BOOKMARK [2][-]{subsection.5.2}{Video Item Loader}{section.5}% 23
\BOOKMARK [2][-]{subsection.5.3}{Video List}{section.5}% 24
\BOOKMARK [2][-]{subsection.5.4}{Video Preview}{section.5}% 25
\BOOKMARK [2][-]{subsection.5.5}{Video Controls}{section.5}% 26
\BOOKMARK [2][-]{subsection.5.6}{Video Timeline}{section.5}% 27
\BOOKMARK [1][-]{section.6}{Zeitaufwand}{}% 28
\BOOKMARK [1][-]{section.7}{Externe Plugins}{}% 29
\BOOKMARK [2][-]{subsection.7.1}{jQuery Draggable}{section.7}% 30
\BOOKMARK [2][-]{subsection.7.2}{jQuery Droppable}{section.7}% 31
\BOOKMARK [2][-]{subsection.7.3}{jQuery Collision}{section.7}% 32
\BOOKMARK [2][-]{subsection.7.4}{FFMPEG}{section.7}% 33
\BOOKMARK [2][-]{subsection.7.5}{Popcorn JS Capture}{section.7}% 34
\BOOKMARK [2][-]{subsection.7.6}{Filereader}{section.7}% 35
\BOOKMARK [2][-]{subsection.7.7}{UserAgent Parser}{section.7}% 36
\BOOKMARK [2][-]{subsection.7.8}{FileSaver}{section.7}% 37
\BOOKMARK [2][-]{subsection.7.9}{jQuery, Modernizr \046 Require}{section.7}% 38
