\BOOKMARK [1][-]{section.1}{Projektteilnehmer}{}% 1
\BOOKMARK [2][-]{subsection.1.1}{Michael Duve}{section.1}% 2
\BOOKMARK [2][-]{subsection.1.2}{Felix Maulwurf}{section.1}% 3
\BOOKMARK [2][-]{subsection.1.3}{Angelina Staeck}{section.1}% 4
\BOOKMARK [1][-]{section.2}{Projektbeschreibung}{}% 5
\BOOKMARK [2][-]{subsection.2.1}{Idee}{section.2}% 6
\BOOKMARK [2][-]{subsection.2.2}{Zukunft}{section.2}% 7
\BOOKMARK [2][-]{subsection.2.3}{Probleme}{section.2}% 8
\BOOKMARK [2][-]{subsection.2.4}{Was l\344uft gut?}{section.2}% 9
\BOOKMARK [2][-]{subsection.2.5}{Was l\344uft nicht so gut?}{section.2}% 10
\BOOKMARK [2][-]{subsection.2.6}{Teamstruktur und Aufteilung?}{section.2}% 11
\BOOKMARK [1][-]{section.3}{Layout}{}% 12
\BOOKMARK [1][-]{section.4}{Testcases}{}% 13
\BOOKMARK [2][-]{subsection.4.1}{Drag-Drop}{section.4}% 14
\BOOKMARK [2][-]{subsection.4.2}{FFMPEG}{section.4}% 15
\BOOKMARK [1][-]{section.5}{Module}{}% 16
\BOOKMARK [2][-]{subsection.5.1}{Video Item}{section.5}% 17
\BOOKMARK [2][-]{subsection.5.2}{Video Item Loader}{section.5}% 18
\BOOKMARK [2][-]{subsection.5.3}{Video List}{section.5}% 19
\BOOKMARK [2][-]{subsection.5.4}{Video Preview}{section.5}% 20
\BOOKMARK [2][-]{subsection.5.5}{Video Controls}{section.5}% 21
\BOOKMARK [2][-]{subsection.5.6}{Video Timeline}{section.5}% 22
\BOOKMARK [1][-]{section.6}{Zeitaufwand}{}% 23
\BOOKMARK [1][-]{section.7}{Externe Plugins}{}% 24
\BOOKMARK [2][-]{subsection.7.1}{jQuery UI}{section.7}% 25
\BOOKMARK [2][-]{subsection.7.2}{jQuery Collision}{section.7}% 26
\BOOKMARK [2][-]{subsection.7.3}{FFMPEG}{section.7}% 27
\BOOKMARK [2][-]{subsection.7.4}{Popcorn JS Capture}{section.7}% 28
\BOOKMARK [2][-]{subsection.7.5}{Filereader}{section.7}% 29
\BOOKMARK [2][-]{subsection.7.6}{UserAgent Parser}{section.7}% 30
\BOOKMARK [2][-]{subsection.7.7}{FileSaver}{section.7}% 31
\BOOKMARK [2][-]{subsection.7.8}{jQuery, Modernizr \046 Require}{section.7}% 32
